

/******************************************************************************************
* WriteStepFile diagnostics.
* Date:                           Thu Mar 10 14:47:40 2022 
* Produced by:                    The EXPRESS Data Manager Version 5.02.0100.07 : 28 Aug 2013
* Module:                         EDMstepFileFactory/EDMstandAlone
* Host:                           DESKTOP-CO6J26H
* Database:                       C:\Users\ASTROL~1\AppData\Local\Temp\af81aa24-ce8e-40ef-9bd0-ac22e9f0c1cd\e439209b-3256-467f-b8e3-d73e916db506\ifc
* Database version:               5507
* Database creation date:         Thu Mar 10 14:47:32 2022
* Model:                          DataRepository.ifc
* Model creation date:            Thu Mar 10 14:47:32 2022
* Header model:                   DataRepository.ifc_HeaderModel
* Header model creation date:     Thu Mar 10 14:47:32 2022
* Step file:                      21ce1258-04bc-469c-9697-5bf588dc75f9.ifc
* EDMuser:                        sdai-user
* EDMgroup:                       sdai-group
* License ID and type:            5605 : Permanent license. Expiry date: 
* EDMstepFileFactory options:     020000
******************************************************************************************/


------------------------------------------------------------------------------------------------
Operation terminated successfully.
------------------------------------------------------------------------------------------------

